2020-08-07 17:27:00.751  INFO 32776 --- [main] com.suke.czx.Application                 : Starting Application v3.2 on LAPTOP-3NOT2VVA with PID 32776 (C:\Users\59584\Desktop\ppi\X-SpringBoot-master3\X-SpringBoot-master\x-springboot.jar started by 59584 in C:\Users\59584\Desktop\ppi\X-SpringBoot-master3\X-SpringBoot-master)
2020-08-07 17:27:00.775 DEBUG 32776 --- [main] com.suke.czx.Application                 : Running with Spring Boot v2.1.8.RELEASE, Spring v5.1.9.RELEASE
2020-08-07 17:27:00.776  INFO 32776 --- [main] com.suke.czx.Application                 : The following profiles are active: test
2020-08-07 17:27:03.015  INFO 32776 --- [main] .s.d.r.c.RepositoryConfigurationDelegate : Multiple Spring Data modules found, entering strict repository configuration mode!
2020-08-07 17:27:03.018  INFO 32776 --- [main] .s.d.r.c.RepositoryConfigurationDelegate : Bootstrapping Spring Data repositories in DEFAULT mode.
2020-08-07 17:27:03.068  INFO 32776 --- [main] .s.d.r.c.RepositoryConfigurationDelegate : Finished Spring Data repository scanning in 35ms. Found 0 repository interfaces.
2020-08-07 17:27:03.680  INFO 32776 --- [main] trationDelegate$BeanPostProcessorChecker : Bean 'org.springframework.transaction.annotation.ProxyTransactionManagementConfiguration' of type [org.springframework.transaction.annotation.ProxyTransactionManagementConfiguration$$EnhancerBySpringCGLIB$$aedb3dc] is not eligible for getting processed by all BeanPostProcessors (for example: not eligible for auto-proxying)
2020-08-07 17:27:03.968  INFO 32776 --- [main] trationDelegate$BeanPostProcessorChecker : Bean 'org.springframework.security.config.annotation.configuration.ObjectPostProcessorConfiguration' of type [org.springframework.security.config.annotation.configuration.ObjectPostProcessorConfiguration$$EnhancerBySpringCGLIB$$a39b7c16] is not eligible for getting processed by all BeanPostProcessors (for example: not eligible for auto-proxying)
2020-08-07 17:27:03.976  INFO 32776 --- [main] trationDelegate$BeanPostProcessorChecker : Bean 'objectPostProcessor' of type [org.springframework.security.config.annotation.configuration.AutowireBeanFactoryObjectPostProcessor] is not eligible for getting processed by all BeanPostProcessors (for example: not eligible for auto-proxying)
2020-08-07 17:27:03.980  INFO 32776 --- [main] trationDelegate$BeanPostProcessorChecker : Bean 'org.springframework.security.access.expression.method.DefaultMethodSecurityExpressionHandler@4066c471' of type [org.springframework.security.access.expression.method.DefaultMethodSecurityExpressionHandler] is not eligible for getting processed by all BeanPostProcessors (for example: not eligible for auto-proxying)
2020-08-07 17:27:03.985  INFO 32776 --- [main] trationDelegate$BeanPostProcessorChecker : Bean 'org.springframework.security.config.annotation.method.configuration.GlobalMethodSecurityConfiguration' of type [org.springframework.security.config.annotation.method.configuration.GlobalMethodSecurityConfiguration$$EnhancerBySpringCGLIB$$c8701ec8] is not eligible for getting processed by all BeanPostProcessors (for example: not eligible for auto-proxying)
2020-08-07 17:27:03.995  INFO 32776 --- [main] trationDelegate$BeanPostProcessorChecker : Bean 'methodSecurityMetadataSource' of type [org.springframework.security.access.method.DelegatingMethodSecurityMetadataSource] is not eligible for getting processed by all BeanPostProcessors (for example: not eligible for auto-proxying)
2020-08-07 17:27:04.691  INFO 32776 --- [main] o.s.b.w.embedded.tomcat.TomcatWebServer  : Tomcat initialized with port(s): 7777 (http)
2020-08-07 17:27:04.719  INFO 32776 --- [main] o.apache.catalina.core.StandardService   : Starting service [Tomcat]
2020-08-07 17:27:04.719  INFO 32776 --- [main] org.apache.catalina.core.StandardEngine  : Starting Servlet engine: [Apache Tomcat/9.0.24]
2020-08-07 17:27:04.850  INFO 32776 --- [main] o.a.c.c.C.[Tomcat].[localhost].[/]       : Initializing Spring embedded WebApplicationContext
2020-08-07 17:27:04.850  INFO 32776 --- [main] o.s.web.context.ContextLoader            : Root WebApplicationContext: initialization completed in 3944 ms
2020-08-07 17:27:06.104  INFO 32776 --- [main] com.zaxxer.hikari.HikariDataSource       : HikariPool-1 - Starting...
2020-08-07 17:27:06.327  INFO 32776 --- [main] com.zaxxer.hikari.HikariDataSource       : HikariPool-1 - Start completed.
2020-08-07 17:27:06.559  WARN 32776 --- [main] c.b.m.core.toolkit.TableInfoHelper       : Warn: Could not find @TableId in Class: com.suke.czx.modules.sqlite.entity.Fullall.
2020-08-07 17:27:06.869  WARN 32776 --- [main] c.b.m.core.toolkit.TableInfoHelper       : Warn: Could not find @TableId in Class: com.suke.czx.modules.gen.entity.InfoRmationSchema.
2020-08-07 17:27:07.423 DEBUG 32776 --- [main] c.s.czx.interceptor.ValidateCodeFilter   : Filter 'validateCodeFilter' configured for use
2020-08-07 17:27:08.387  INFO 32776 --- [main] o.s.b.a.e.web.EndpointLinksResolver      : Exposing 16 endpoint(s) beneath base path '/actuator'
2020-08-07 17:27:08.636  INFO 32776 --- [main] o.s.s.web.DefaultSecurityFilterChain     : Creating filter chain: Ant [pattern='/css/**'], []
2020-08-07 17:27:08.679  INFO 32776 --- [main] o.s.s.web.DefaultSecurityFilterChain     : Creating filter chain: any request, [org.springframework.security.web.context.request.async.WebAsyncManagerIntegrationFilter@4940809c, org.springframework.security.web.context.SecurityContextPersistenceFilter@32057e6, org.springframework.security.web.header.HeaderWriterFilter@22c86919, org.springframework.security.web.authentication.logout.LogoutFilter@46c670a6, com.suke.czx.interceptor.ValidateCodeFilter@16423501, com.suke.czx.interceptor.AuthenticationTokenFilter@4efcf8a, org.springframework.security.web.authentication.UsernamePasswordAuthenticationFilter@19b30c92, org.springframework.security.web.savedrequest.RequestCacheAwareFilter@6ea1bcdc, org.springframework.security.web.servletapi.SecurityContextHolderAwareRequestFilter@53499d85, org.springframework.security.web.authentication.AnonymousAuthenticationFilter@7a138fc5, org.springframework.security.web.session.SessionManagementFilter@1b0a7baf, org.springframework.security.web.access.ExceptionTranslationFilter@3b9d6699, org.springframework.security.web.access.intercept.FilterSecurityInterceptor@4b21844c]
2020-08-07 17:27:08.730  INFO 32776 --- [main] pertySourcedRequestMappingHandlerMapping : Mapped URL path [/v2/api-docs] onto method [public org.springframework.http.ResponseEntity<springfox.documentation.spring.web.json.Json> springfox.documentation.swagger2.web.Swagger2Controller.getDocumentation(java.lang.String,javax.servlet.http.HttpServletRequest)]
2020-08-07 17:27:09.087  INFO 32776 --- [main] o.s.s.concurrent.ThreadPoolTaskExecutor  : Initializing ExecutorService 'applicationTaskExecutor'
2020-08-07 17:27:09.798  INFO 32776 --- [main] d.s.w.p.DocumentationPluginsBootstrapper : Context refreshed
2020-08-07 17:27:09.828  INFO 32776 --- [main] d.s.w.p.DocumentationPluginsBootstrapper : Found 1 custom documentation plugin(s)
2020-08-07 17:27:09.896  INFO 32776 --- [main] s.d.s.w.s.ApiListingReferenceScanner     : Scanning for api listing references
2020-08-07 17:27:10.075  INFO 32776 --- [main] o.s.b.w.embedded.tomcat.TomcatWebServer  : Tomcat started on port(s): 7777 (http) with context path ''
2020-08-07 17:27:10.079  INFO 32776 --- [main] com.suke.czx.Application                 : Started Application in 10.068 seconds (JVM running for 10.905)
2020-08-07 17:27:10.099  INFO 32776 --- [main] com.suke.czx.Application                 : ==================X-SpringBoot启动成功================
2020-08-07 17:27:10.101  INFO 32776 --- [main] com.suke.czx.Application                 : ==================当前项目目录：C:\Users\59584\Desktop\ppi\X-SpringBoot-master3\X-SpringBoot-master================
2020-08-07 17:27:10.106  INFO 32776 --- [main] com.suke.czx.Application                 : ==================当前操作系统：Windows 10================
2020-08-07 17:27:10.123  INFO 32776 --- [main] com.suke.czx.common.utils.ServerUtils    : [ServerUtils] 关闭redis服务成功
2020-08-07 17:27:10.626  INFO 32776 --- [main] com.suke.czx.common.utils.ServerUtils    : [ServerUtils] 关闭nginx服务成功
2020-08-07 17:27:11.128  INFO 32776 --- [main] com.suke.czx.common.utils.ServerUtils    : [ServerUtils] 文件redis.zip已解压过
2020-08-07 17:27:11.129  INFO 32776 --- [main] com.suke.czx.common.utils.ServerUtils    : [ServerUtils] 文件nginx.zip已解压过
2020-08-07 17:27:11.134  INFO 32776 --- [main] com.suke.czx.common.utils.ServerUtils    : [ServerUtils] 替换文件新内容C:\Users\59584\Desktop\ppi\X-SpringBoot-master3\X-SpringBoot-master\x-springboot-ui成功
2020-08-07 17:27:11.144  INFO 32776 --- [main] com.suke.czx.common.utils.ServerUtils    : [ServerUtils] 执行启动redis.bat完成
2020-08-07 17:27:11.647  INFO 32776 --- [main] com.suke.czx.common.utils.ServerUtils    : [ServerUtils] 执行启动nginx.bat完成
2020-08-07 17:27:12.649  INFO 32776 --- [main] com.suke.czx.Application                 : ==================配置服务启动成功================
2020-08-07 17:33:22.718  INFO 12796 --- [main] com.suke.czx.Application                 : Starting Application v3.2 on LAPTOP-3NOT2VVA with PID 12796 (C:\Users\59584\Desktop\ppi\X-SpringBoot-master3\X-SpringBoot-master\x-springboot.jar started by 59584 in C:\Users\59584\Desktop\ppi\X-SpringBoot-master3\X-SpringBoot-master)
2020-08-07 17:33:22.722 DEBUG 12796 --- [main] com.suke.czx.Application                 : Running with Spring Boot v2.1.8.RELEASE, Spring v5.1.9.RELEASE
2020-08-07 17:33:22.723  INFO 12796 --- [main] com.suke.czx.Application                 : The following profiles are active: test
2020-08-07 17:33:24.213  INFO 12796 --- [main] .s.d.r.c.RepositoryConfigurationDelegate : Multiple Spring Data modules found, entering strict repository configuration mode!
2020-08-07 17:33:24.216  INFO 12796 --- [main] .s.d.r.c.RepositoryConfigurationDelegate : Bootstrapping Spring Data repositories in DEFAULT mode.
2020-08-07 17:33:24.258  INFO 12796 --- [main] .s.d.r.c.RepositoryConfigurationDelegate : Finished Spring Data repository scanning in 28ms. Found 0 repository interfaces.
2020-08-07 17:33:24.808  INFO 12796 --- [main] trationDelegate$BeanPostProcessorChecker : Bean 'org.springframework.transaction.annotation.ProxyTransactionManagementConfiguration' of type [org.springframework.transaction.annotation.ProxyTransactionManagementConfiguration$$EnhancerBySpringCGLIB$$1f2713e9] is not eligible for getting processed by all BeanPostProcessors (for example: not eligible for auto-proxying)
2020-08-07 17:33:25.092  INFO 12796 --- [main] trationDelegate$BeanPostProcessorChecker : Bean 'org.springframework.security.config.annotation.configuration.ObjectPostProcessorConfiguration' of type [org.springframework.security.config.annotation.configuration.ObjectPostProcessorConfiguration$$EnhancerBySpringCGLIB$$b7d4dc23] is not eligible for getting processed by all BeanPostProcessors (for example: not eligible for auto-proxying)
2020-08-07 17:33:25.098  INFO 12796 --- [main] trationDelegate$BeanPostProcessorChecker : Bean 'objectPostProcessor' of type [org.springframework.security.config.annotation.configuration.AutowireBeanFactoryObjectPostProcessor] is not eligible for getting processed by all BeanPostProcessors (for example: not eligible for auto-proxying)
2020-08-07 17:33:25.101  INFO 12796 --- [main] trationDelegate$BeanPostProcessorChecker : Bean 'org.springframework.security.access.expression.method.DefaultMethodSecurityExpressionHandler@563e4951' of type [org.springframework.security.access.expression.method.DefaultMethodSecurityExpressionHandler] is not eligible for getting processed by all BeanPostProcessors (for example: not eligible for auto-proxying)
2020-08-07 17:33:25.105  INFO 12796 --- [main] trationDelegate$BeanPostProcessorChecker : Bean 'org.springframework.security.config.annotation.method.configuration.GlobalMethodSecurityConfiguration' of type [org.springframework.security.config.annotation.method.configuration.GlobalMethodSecurityConfiguration$$EnhancerBySpringCGLIB$$dca97ed5] is not eligible for getting processed by all BeanPostProcessors (for example: not eligible for auto-proxying)
2020-08-07 17:33:25.112  INFO 12796 --- [main] trationDelegate$BeanPostProcessorChecker : Bean 'methodSecurityMetadataSource' of type [org.springframework.security.access.method.DelegatingMethodSecurityMetadataSource] is not eligible for getting processed by all BeanPostProcessors (for example: not eligible for auto-proxying)
2020-08-07 17:33:25.743  INFO 12796 --- [main] o.s.b.w.embedded.tomcat.TomcatWebServer  : Tomcat initialized with port(s): 7777 (http)
2020-08-07 17:33:25.777  INFO 12796 --- [main] o.apache.catalina.core.StandardService   : Starting service [Tomcat]
2020-08-07 17:33:25.777  INFO 12796 --- [main] org.apache.catalina.core.StandardEngine  : Starting Servlet engine: [Apache Tomcat/9.0.24]
2020-08-07 17:33:25.910  INFO 12796 --- [main] o.a.c.c.C.[Tomcat].[localhost].[/]       : Initializing Spring embedded WebApplicationContext
2020-08-07 17:33:25.911  INFO 12796 --- [main] o.s.web.context.ContextLoader            : Root WebApplicationContext: initialization completed in 3094 ms
2020-08-07 17:33:27.159  INFO 12796 --- [main] com.zaxxer.hikari.HikariDataSource       : HikariPool-1 - Starting...
2020-08-07 17:33:27.367  INFO 12796 --- [main] com.zaxxer.hikari.HikariDataSource       : HikariPool-1 - Start completed.
2020-08-07 17:33:27.559  WARN 12796 --- [main] c.b.m.core.toolkit.TableInfoHelper       : Warn: Could not find @TableId in Class: com.suke.czx.modules.sqlite.entity.Fullall.
2020-08-07 17:33:27.872  WARN 12796 --- [main] c.b.m.core.toolkit.TableInfoHelper       : Warn: Could not find @TableId in Class: com.suke.czx.modules.gen.entity.InfoRmationSchema.
2020-08-07 17:33:28.352 DEBUG 12796 --- [main] c.s.czx.interceptor.ValidateCodeFilter   : Filter 'validateCodeFilter' configured for use
2020-08-07 17:33:29.295  INFO 12796 --- [main] o.s.b.a.e.web.EndpointLinksResolver      : Exposing 16 endpoint(s) beneath base path '/actuator'
2020-08-07 17:33:29.547  INFO 12796 --- [main] o.s.s.web.DefaultSecurityFilterChain     : Creating filter chain: Ant [pattern='/css/**'], []
2020-08-07 17:33:29.580  INFO 12796 --- [main] o.s.s.web.DefaultSecurityFilterChain     : Creating filter chain: any request, [org.springframework.security.web.context.request.async.WebAsyncManagerIntegrationFilter@29876704, org.springframework.security.web.context.SecurityContextPersistenceFilter@1b0a7baf, org.springframework.security.web.header.HeaderWriterFilter@21694e53, org.springframework.security.web.authentication.logout.LogoutFilter@30ed9c6c, com.suke.czx.interceptor.ValidateCodeFilter@4816c290, com.suke.czx.interceptor.AuthenticationTokenFilter@4940809c, org.springframework.security.web.authentication.UsernamePasswordAuthenticationFilter@138fe6ec, org.springframework.security.web.savedrequest.RequestCacheAwareFilter@32057e6, org.springframework.security.web.servletapi.SecurityContextHolderAwareRequestFilter@759fad4, org.springframework.security.web.authentication.AnonymousAuthenticationFilter@16423501, org.springframework.security.web.session.SessionManagementFilter@22c86919, org.springframework.security.web.access.ExceptionTranslationFilter@2c715e84, org.springframework.security.web.access.intercept.FilterSecurityInterceptor@59aa20b3]
2020-08-07 17:33:29.620  INFO 12796 --- [main] pertySourcedRequestMappingHandlerMapping : Mapped URL path [/v2/api-docs] onto method [public org.springframework.http.ResponseEntity<springfox.documentation.spring.web.json.Json> springfox.documentation.swagger2.web.Swagger2Controller.getDocumentation(java.lang.String,javax.servlet.http.HttpServletRequest)]
2020-08-07 17:33:29.923  INFO 12796 --- [main] o.s.s.concurrent.ThreadPoolTaskExecutor  : Initializing ExecutorService 'applicationTaskExecutor'
2020-08-07 17:33:30.587  INFO 12796 --- [main] d.s.w.p.DocumentationPluginsBootstrapper : Context refreshed
2020-08-07 17:33:30.612  INFO 12796 --- [main] d.s.w.p.DocumentationPluginsBootstrapper : Found 1 custom documentation plugin(s)
2020-08-07 17:33:30.673  INFO 12796 --- [main] s.d.s.w.s.ApiListingReferenceScanner     : Scanning for api listing references
2020-08-07 17:33:30.845  INFO 12796 --- [main] o.s.b.w.embedded.tomcat.TomcatWebServer  : Tomcat started on port(s): 7777 (http) with context path ''
2020-08-07 17:33:30.851  INFO 12796 --- [main] com.suke.czx.Application                 : Started Application in 8.719 seconds (JVM running for 9.282)
2020-08-07 17:33:30.867  INFO 12796 --- [main] com.suke.czx.Application                 : ==================X-SpringBoot启动成功================
2020-08-07 17:33:30.867  INFO 12796 --- [main] com.suke.czx.Application                 : ==================当前项目目录：C:\Users\59584\Desktop\ppi\X-SpringBoot-master3\X-SpringBoot-master================
2020-08-07 17:33:30.878  INFO 12796 --- [main] com.suke.czx.Application                 : ==================当前操作系统：Windows 10================
2020-08-07 17:33:30.887  INFO 12796 --- [main] com.suke.czx.common.utils.ServerUtils    : [ServerUtils] 关闭redis服务成功
2020-08-07 17:33:31.390  INFO 12796 --- [main] com.suke.czx.common.utils.ServerUtils    : [ServerUtils] 关闭nginx服务成功
2020-08-07 17:33:31.890  INFO 12796 --- [main] com.suke.czx.common.utils.ServerUtils    : [ServerUtils] 文件redis.zip已解压过
2020-08-07 17:33:31.891  INFO 12796 --- [main] com.suke.czx.common.utils.ServerUtils    : [ServerUtils] 文件nginx.zip已解压过
2020-08-07 17:33:31.894  INFO 12796 --- [main] com.suke.czx.common.utils.ServerUtils    : [ServerUtils] 替换文件新内容C:\Users\59584\Desktop\ppi\X-SpringBoot-master3\X-SpringBoot-master\x-springboot-ui成功
2020-08-07 17:33:31.900  INFO 12796 --- [main] com.suke.czx.common.utils.ServerUtils    : [ServerUtils] 执行启动redis.bat完成
2020-08-07 17:33:32.404  INFO 12796 --- [main] com.suke.czx.common.utils.ServerUtils    : [ServerUtils] 执行启动nginx.bat完成
2020-08-07 17:33:33.405  INFO 12796 --- [main] com.suke.czx.Application                 : ==================配置服务启动成功================
2020-08-07 17:36:22.998  INFO 30080 --- [main] com.suke.czx.Application                 : Starting Application v3.2 on LAPTOP-3NOT2VVA with PID 30080 (C:\Users\59584\Desktop\ppi\X-SpringBoot-master3\X-SpringBoot-master\x-springboot.jar started by 59584 in C:\Users\59584\Desktop\ppi\X-SpringBoot-master3\X-SpringBoot-master)
2020-08-07 17:36:23.003 DEBUG 30080 --- [main] com.suke.czx.Application                 : Running with Spring Boot v2.1.8.RELEASE, Spring v5.1.9.RELEASE
2020-08-07 17:36:23.003  INFO 30080 --- [main] com.suke.czx.Application                 : The following profiles are active: test
2020-08-07 17:36:24.609  INFO 30080 --- [main] .s.d.r.c.RepositoryConfigurationDelegate : Multiple Spring Data modules found, entering strict repository configuration mode!
2020-08-07 17:36:24.613  INFO 30080 --- [main] .s.d.r.c.RepositoryConfigurationDelegate : Bootstrapping Spring Data repositories in DEFAULT mode.
2020-08-07 17:36:24.663  INFO 30080 --- [main] .s.d.r.c.RepositoryConfigurationDelegate : Finished Spring Data repository scanning in 31ms. Found 0 repository interfaces.
2020-08-07 17:36:25.192  INFO 30080 --- [main] trationDelegate$BeanPostProcessorChecker : Bean 'org.springframework.transaction.annotation.ProxyTransactionManagementConfiguration' of type [org.springframework.transaction.annotation.ProxyTransactionManagementConfiguration$$EnhancerBySpringCGLIB$$3a065c48] is not eligible for getting processed by all BeanPostProcessors (for example: not eligible for auto-proxying)
2020-08-07 17:36:25.466  INFO 30080 --- [main] trationDelegate$BeanPostProcessorChecker : Bean 'org.springframework.security.config.annotation.configuration.ObjectPostProcessorConfiguration' of type [org.springframework.security.config.annotation.configuration.ObjectPostProcessorConfiguration$$EnhancerBySpringCGLIB$$d2b42482] is not eligible for getting processed by all BeanPostProcessors (for example: not eligible for auto-proxying)
2020-08-07 17:36:25.475  INFO 30080 --- [main] trationDelegate$BeanPostProcessorChecker : Bean 'objectPostProcessor' of type [org.springframework.security.config.annotation.configuration.AutowireBeanFactoryObjectPostProcessor] is not eligible for getting processed by all BeanPostProcessors (for example: not eligible for auto-proxying)
2020-08-07 17:36:25.480  INFO 30080 --- [main] trationDelegate$BeanPostProcessorChecker : Bean 'org.springframework.security.access.expression.method.DefaultMethodSecurityExpressionHandler@1a72a540' of type [org.springframework.security.access.expression.method.DefaultMethodSecurityExpressionHandler] is not eligible for getting processed by all BeanPostProcessors (for example: not eligible for auto-proxying)
2020-08-07 17:36:25.482  INFO 30080 --- [main] trationDelegate$BeanPostProcessorChecker : Bean 'org.springframework.security.config.annotation.method.configuration.GlobalMethodSecurityConfiguration' of type [org.springframework.security.config.annotation.method.configuration.GlobalMethodSecurityConfiguration$$EnhancerBySpringCGLIB$$f788c734] is not eligible for getting processed by all BeanPostProcessors (for example: not eligible for auto-proxying)
2020-08-07 17:36:25.488  INFO 30080 --- [main] trationDelegate$BeanPostProcessorChecker : Bean 'methodSecurityMetadataSource' of type [org.springframework.security.access.method.DelegatingMethodSecurityMetadataSource] is not eligible for getting processed by all BeanPostProcessors (for example: not eligible for auto-proxying)
2020-08-07 17:36:26.149  INFO 30080 --- [main] o.s.b.w.embedded.tomcat.TomcatWebServer  : Tomcat initialized with port(s): 7777 (http)
2020-08-07 17:36:26.180  INFO 30080 --- [main] o.apache.catalina.core.StandardService   : Starting service [Tomcat]
2020-08-07 17:36:26.180  INFO 30080 --- [main] org.apache.catalina.core.StandardEngine  : Starting Servlet engine: [Apache Tomcat/9.0.24]
2020-08-07 17:36:26.291  INFO 30080 --- [main] o.a.c.c.C.[Tomcat].[localhost].[/]       : Initializing Spring embedded WebApplicationContext
2020-08-07 17:36:26.292  INFO 30080 --- [main] o.s.web.context.ContextLoader            : Root WebApplicationContext: initialization completed in 3187 ms
2020-08-07 17:36:27.481  INFO 30080 --- [main] com.zaxxer.hikari.HikariDataSource       : HikariPool-1 - Starting...
2020-08-07 17:36:27.671  INFO 30080 --- [main] com.zaxxer.hikari.HikariDataSource       : HikariPool-1 - Start completed.
2020-08-07 17:36:27.861  WARN 30080 --- [main] c.b.m.core.toolkit.TableInfoHelper       : Warn: Could not find @TableId in Class: com.suke.czx.modules.sqlite.entity.Fullall.
2020-08-07 17:36:28.171  WARN 30080 --- [main] c.b.m.core.toolkit.TableInfoHelper       : Warn: Could not find @TableId in Class: com.suke.czx.modules.gen.entity.InfoRmationSchema.
2020-08-07 17:36:28.692 DEBUG 30080 --- [main] c.s.czx.interceptor.ValidateCodeFilter   : Filter 'validateCodeFilter' configured for use
2020-08-07 17:36:29.632  INFO 30080 --- [main] o.s.b.a.e.web.EndpointLinksResolver      : Exposing 16 endpoint(s) beneath base path '/actuator'
2020-08-07 17:36:29.875  INFO 30080 --- [main] o.s.s.web.DefaultSecurityFilterChain     : Creating filter chain: Ant [pattern='/css/**'], []
2020-08-07 17:36:29.914  INFO 30080 --- [main] o.s.s.web.DefaultSecurityFilterChain     : Creating filter chain: any request, [org.springframework.security.web.context.request.async.WebAsyncManagerIntegrationFilter@459f7aa3, org.springframework.security.web.context.SecurityContextPersistenceFilter@59fc684e, org.springframework.security.web.header.HeaderWriterFilter@53499d85, org.springframework.security.web.authentication.logout.LogoutFilter@2a2da905, com.suke.czx.interceptor.ValidateCodeFilter@7cc586a8, com.suke.czx.interceptor.AuthenticationTokenFilter@7db534f2, org.springframework.security.web.authentication.UsernamePasswordAuthenticationFilter@307765b4, org.springframework.security.web.savedrequest.RequestCacheAwareFilter@2fd1731c, org.springframework.security.web.servletapi.SecurityContextHolderAwareRequestFilter@1133ec6e, org.springframework.security.web.authentication.AnonymousAuthenticationFilter@44a2b17b, org.springframework.security.web.session.SessionManagementFilter@782a4fff, org.springframework.security.web.access.ExceptionTranslationFilter@26be6ca7, org.springframework.security.web.access.intercept.FilterSecurityInterceptor@16423501]
2020-08-07 17:36:29.956  INFO 30080 --- [main] pertySourcedRequestMappingHandlerMapping : Mapped URL path [/v2/api-docs] onto method [public org.springframework.http.ResponseEntity<springfox.documentation.spring.web.json.Json> springfox.documentation.swagger2.web.Swagger2Controller.getDocumentation(java.lang.String,javax.servlet.http.HttpServletRequest)]
2020-08-07 17:36:30.262  INFO 30080 --- [main] o.s.s.concurrent.ThreadPoolTaskExecutor  : Initializing ExecutorService 'applicationTaskExecutor'
2020-08-07 17:36:30.957  INFO 30080 --- [main] d.s.w.p.DocumentationPluginsBootstrapper : Context refreshed
2020-08-07 17:36:30.990  INFO 30080 --- [main] d.s.w.p.DocumentationPluginsBootstrapper : Found 1 custom documentation plugin(s)
2020-08-07 17:36:31.065  INFO 30080 --- [main] s.d.s.w.s.ApiListingReferenceScanner     : Scanning for api listing references
2020-08-07 17:36:31.235  INFO 30080 --- [main] o.s.b.w.embedded.tomcat.TomcatWebServer  : Tomcat started on port(s): 7777 (http) with context path ''
2020-08-07 17:36:31.240  INFO 30080 --- [main] com.suke.czx.Application                 : Started Application in 8.801 seconds (JVM running for 9.35)
2020-08-07 17:36:31.256  INFO 30080 --- [main] com.suke.czx.Application                 : ==================X-SpringBoot启动成功================
2020-08-07 17:36:31.257  INFO 30080 --- [main] com.suke.czx.Application                 : ==================当前项目目录：C:\Users\59584\Desktop\ppi\X-SpringBoot-master3\X-SpringBoot-master================
2020-08-07 17:36:31.258  INFO 30080 --- [main] com.suke.czx.Application                 : ==================当前操作系统：Windows 10================
2020-08-07 17:36:31.265  INFO 30080 --- [main] com.suke.czx.common.utils.ServerUtils    : [ServerUtils] 关闭redis服务成功
2020-08-07 17:36:31.768  INFO 30080 --- [main] com.suke.czx.common.utils.ServerUtils    : [ServerUtils] 关闭nginx服务成功
2020-08-07 17:36:32.270  INFO 30080 --- [main] com.suke.czx.common.utils.ServerUtils    : [ServerUtils] 文件redis.zip已解压过
2020-08-07 17:36:32.271  INFO 30080 --- [main] com.suke.czx.common.utils.ServerUtils    : [ServerUtils] 文件nginx.zip已解压过
2020-08-07 17:36:32.274  INFO 30080 --- [main] com.suke.czx.common.utils.ServerUtils    : [ServerUtils] 替换文件新内容C:\Users\59584\Desktop\ppi\X-SpringBoot-master3\X-SpringBoot-master\x-springboot-ui成功
2020-08-07 17:36:32.283  INFO 30080 --- [main] com.suke.czx.common.utils.ServerUtils    : [ServerUtils] 执行启动redis.bat完成
2020-08-07 17:36:32.786  INFO 30080 --- [main] com.suke.czx.common.utils.ServerUtils    : [ServerUtils] 执行启动nginx.bat完成
2020-08-07 17:36:33.786  INFO 30080 --- [main] com.suke.czx.Application                 : ==================配置服务启动成功================
2020-08-07 17:36:50.826  INFO 30080 --- [http-nio-7777-exec-1] o.a.c.c.C.[Tomcat].[localhost].[/]       : Initializing Spring DispatcherServlet 'dispatcherServlet'
2020-08-07 17:36:50.827  INFO 30080 --- [http-nio-7777-exec-1] o.s.web.servlet.DispatcherServlet        : Initializing Servlet 'dispatcherServlet'
2020-08-07 17:36:50.837  INFO 30080 --- [http-nio-7777-exec-1] o.s.web.servlet.DispatcherServlet        : Completed initialization in 10 ms
